-------------------------------------------------------------------------------
Test set: pl.zadanie.BSTTest
-------------------------------------------------------------------------------
Tests run: 9, Failures: 5, Errors: 2, Skipped: 0, Time elapsed: 0.085 s <<< FAILURE! - in pl.zadanie.BSTTest
shouldIgnoreDuplicates  Time elapsed: 0.056 s  <<< FAILURE!
org.opentest4j.AssertionFailedError: Duplikaty nie powinny być dodawane do drzewa ==> expected: <[5]> but was: <[]>
	at pl.zadanie.BSTTest.shouldIgnoreDuplicates(BSTTest.java:91)

shouldNotBeEmptyAfterInsert  Time elapsed: 0.003 s  <<< FAILURE!
org.opentest4j.AssertionFailedError: Drzewo nie powinno być puste po wstawieniu elementu ==> expected: <false> but was: <true>
	at pl.zadanie.BSTTest.shouldNotBeEmptyAfterInsert(BSTTest.java:28)

shouldContainInsertedElement  Time elapsed: 0.003 s  <<< FAILURE!
org.opentest4j.AssertionFailedError: Drzewo powinno zawierać wstawiony element ==> expected: <true> but was: <false>
	at pl.zadanie.BSTTest.shouldContainInsertedElement(BSTTest.java:38)

bfsShouldReturnElementsLevelByLevel  Time elapsed: 0.002 s  <<< FAILURE!
org.opentest4j.AssertionFailedError: expected: <[5, 3, 7]> but was: <[]>
	at pl.zadanie.BSTTest.bfsShouldReturnElementsLevelByLevel(BSTTest.java:81)

largerElementShouldGoRight  Time elapsed: 0.003 s  <<< ERROR!
java.lang.NullPointerException: Cannot read field "right" because "bst.root" is null
	at pl.zadanie.BSTTest.largerElementShouldGoRight(BSTTest.java:68)

bfsShouldReturnCorrectOrderForComplexTree  Time elapsed: 0.001 s  <<< FAILURE!
org.opentest4j.AssertionFailedError: expected: <[5, 3, 7, 1, 4]> but was: <[]>
	at pl.zadanie.BSTTest.bfsShouldReturnCorrectOrderForComplexTree(BSTTest.java:110)

smallerElementShouldGoLeft  Time elapsed: 0.001 s  <<< ERROR!
java.lang.NullPointerException: Cannot read field "left" because "bst.root" is null
	at pl.zadanie.BSTTest.smallerElementShouldGoLeft(BSTTest.java:57)

